error TS5055: Cannot write file '/Users/utkalkumardas/Desktop/GNet/packages/crypto/dist/index.d.ts' because it would overwrite input file.
../../node_modules/.pnpm/typescript@5.9.3/node_modules/typescript/lib/lib.es5.d.ts
  Library referenced via 'es5' from file '../../node_modules/.pnpm/typescript@5.9.3/node_modules/typescript/lib/lib.es2015.d.ts'
../../node_modules/.pnpm/typescript@5.9.3/node_modules/typescript/lib/lib.es2015.d.ts
  Library referenced via 'es2015' from file '../../node_modules/.pnpm/typescript@5.9.3/node_modules/typescript/lib/lib.es2016.d.ts'
../../node_modules/.pnpm/typescript@5.9.3/node_modules/typescript/lib/lib.es2016.d.ts
  Library referenced via 'es2016' from file '../../node_modules/.pnpm/typescript@5.9.3/node_modules/typescript/lib/lib.es2017.d.ts'
../../node_modules/.pnpm/typescript@5.9.3/node_modules/typescript/lib/lib.es2017.d.ts
  Library referenced via 'es2017' from file '../../node_modules/.pnpm/typescript@5.9.3/node_modules/typescript/lib/lib.es2018.d.ts'
../../node_modules/.pnpm/typescript@5.9.3/node_modules/typescript/lib/lib.es2018.d.ts
  Library referenced via 'es2018' from file '../../node_modules/.pnpm/typescript@5.9.3/node_modules/typescript/lib/lib.es2019.d.ts'
../../node_modules/.pnpm/typescript@5.9.3/node_modules/typescript/lib/lib.es2019.d.ts
  Library referenced via 'es2019' from file '../../node_modules/.pnpm/typescript@5.9.3/node_modules/typescript/lib/lib.es2020.d.ts'
../../node_modules/.pnpm/typescript@5.9.3/node_modules/typescript/lib/lib.es2020.d.ts
  Library referenced via 'es2020' from file '../../node_modules/.pnpm/@types+node@25.6.0/node_modules/@types/node/index.d.ts'
  Library referenced via 'es2020' from file '../../node_modules/.pnpm/typescript@5.9.3/node_modules/typescript/lib/lib.es2021.d.ts'
../../node_modules/.pnpm/typescript@5.9.3/node_modules/typescript/lib/lib.es2021.d.ts
  Library referenced via 'es2021' from file '../../node_modules/.pnpm/typescript@5.9.3/node_modules/typescript/lib/lib.es2022.d.ts'
../../node_modules/.pnpm/typescript@5.9.3/node_modules/typescript/lib/lib.es2022.d.ts
  Library 'lib.es2022.d.ts' specified in compilerOptions
../../node_modules/.pnpm/typescript@5.9.3/node_modules/typescript/lib/lib.dom.d.ts
  Library 'lib.dom.d.ts' specified in compilerOptions
../../node_modules/.pnpm/typescript@5.9.3/node_modules/typescript/lib/lib.dom.iterable.d.ts
  Library 'lib.dom.iterable.d.ts' specified in compilerOptions
../../node_modules/.pnpm/typescript@5.9.3/node_modules/typescript/lib/lib.es2015.core.d.ts
  Library referenced via 'es2015.core' from file '../../node_modules/.pnpm/typescript@5.9.3/node_modules/typescript/lib/lib.es2015.d.ts'
../../node_modules/.pnpm/typescript@5.9.3/node_modules/typescript/lib/lib.es2015.collection.d.ts
  Library referenced via 'es2015.collection' from file '../../node_modules/.pnpm/typescript@5.9.3/node_modules/typescript/lib/lib.es2015.d.ts'
../../node_modules/.pnpm/typescript@5.9.3/node_modules/typescript/lib/lib.es2015.generator.d.ts
  Library referenced via 'es2015.generator' from file '../../node_modules/.pnpm/typescript@5.9.3/node_modules/typescript/lib/lib.es2015.d.ts'
../../node_modules/.pnpm/typescript@5.9.3/node_modules/typescript/lib/lib.es2015.iterable.d.ts
  Library referenced via 'es2015.iterable' from file '../../node_modules/.pnpm/typescript@5.9.3/node_modules/typescript/lib/lib.es2015.d.ts'
  Library referenced via 'es2015.iterable' from file '../../node_modules/.pnpm/typescript@5.9.3/node_modules/typescript/lib/lib.es2015.generator.d.ts'
  Library referenced via 'es2015.iterable' from file '../../node_modules/.pnpm/typescript@5.9.3/node_modules/typescript/lib/lib.es2018.asynciterable.d.ts'
  Library referenced via 'es2015.iterable' from file '../../node_modules/.pnpm/typescript@5.9.3/node_modules/typescript/lib/lib.es2019.object.d.ts'
  Library referenced via 'es2015.iterable' from file '../../node_modules/.pnpm/typescript@5.9.3/node_modules/typescript/lib/lib.es2020.string.d.ts'
  Library referenced via 'es2015.iterable' from file '../../node_modules/.pnpm/typescript@5.9.3/node_modules/typescript/lib/lib.es2020.symbol.wellknown.d.ts'
  Library referenced via 'es2015.iterable' from file '../../node_modules/.pnpm/typescript@5.9.3/node_modules/typescript/lib/lib.esnext.disposable.d.ts'
  Library referenced via 'es2015.iterable' from file '../../node_modules/.pnpm/typescript@5.9.3/node_modules/typescript/lib/lib.esnext.float16.d.ts'
../../node_modules/.pnpm/typescript@5.9.3/node_modules/typescript/lib/lib.es2015.promise.d.ts
  Library referenced via 'es2015.promise' from file '../../node_modules/.pnpm/typescript@5.9.3/node_modules/typescript/lib/lib.es2015.d.ts'
../../node_modules/.pnpm/typescript@5.9.3/node_modules/typescript/lib/lib.es2015.proxy.d.ts
  Library referenced via 'es2015.proxy' from file '../../node_modules/.pnpm/typescript@5.9.3/node_modules/typescript/lib/lib.es2015.d.ts'
../../node_modules/.pnpm/typescript@5.9.3/node_modules/typescript/lib/lib.es2015.reflect.d.ts
  Library referenced via 'es2015.reflect' from file '../../node_modules/.pnpm/typescript@5.9.3/node_modules/typescript/lib/lib.es2015.d.ts'
../../node_modules/.pnpm/typescript@5.9.3/node_modules/typescript/lib/lib.es2015.symbol.d.ts
  Library referenced via 'es2015.symbol' from file '../../node_modules/.pnpm/typescript@5.9.3/node_modules/typescript/lib/lib.es2015.iterable.d.ts'
  Library referenced via 'es2015.symbol' from file '../../node_modules/.pnpm/typescript@5.9.3/node_modules/typescript/lib/lib.es2015.d.ts'
  Library referenced via 'es2015.symbol' from file '../../node_modules/.pnpm/typescript@5.9.3/node_modules/typescript/lib/lib.es2015.symbol.wellknown.d.ts'
  Library referenced via 'es2015.symbol' from file '../../node_modules/.pnpm/typescript@5.9.3/node_modules/typescript/lib/lib.es2017.sharedmemory.d.ts'
  Library referenced via 'es2015.symbol' from file '../../node_modules/.pnpm/typescript@5.9.3/node_modules/typescript/lib/lib.es2018.asynciterable.d.ts'
  Library referenced via 'es2015.symbol' from file '../../node_modules/.pnpm/typescript@5.9.3/node_modules/typescript/lib/lib.es2020.symbol.wellknown.d.ts'
  Library referenced via 'es2015.symbol' from file '../../node_modules/.pnpm/typescript@5.9.3/node_modules/typescript/lib/lib.esnext.disposable.d.ts'
  Library referenced via 'es2015.symbol' from file '../../node_modules/.pnpm/typescript@5.9.3/node_modules/typescript/lib/lib.esnext.float16.d.ts'
../../node_modules/.pnpm/typescript@5.9.3/node_modules/typescript/lib/lib.es2015.symbol.wellknown.d.ts
  Library referenced via 'es2015.symbol.wellknown' from file '../../node_modules/.pnpm/typescript@5.9.3/node_modules/typescript/lib/lib.es2015.d.ts'
  Library referenced via 'es2015.symbol.wellknown' from file '../../node_modules/.pnpm/typescript@5.9.3/node_modules/typescript/lib/lib.es2017.sharedmemory.d.ts'
  Library referenced via 'es2015.symbol.wellknown' from file '../../node_modules/.pnpm/typescript@5.9.3/node_modules/typescript/lib/lib.es2021.weakref.d.ts'
../../node_modules/.pnpm/typescript@5.9.3/node_modules/typescript/lib/lib.es2016.array.include.d.ts
  Library referenced via 'es2016.array.include' from file '../../node_modules/.pnpm/typescript@5.9.3/node_modules/typescript/lib/lib.es2016.d.ts'
../../node_modules/.pnpm/typescript@5.9.3/node_modules/typescript/lib/lib.es2016.intl.d.ts
  Library referenced via 'es2016.intl' from file '../../node_modules/.pnpm/typescript@5.9.3/node_modules/typescript/lib/lib.es2016.d.ts'
../../node_modules/.pnpm/typescript@5.9.3/node_modules/typescript/lib/lib.es2017.arraybuffer.d.ts
  Library referenced via 'es2017.arraybuffer' from file '../../node_modules/.pnpm/typescript@5.9.3/node_modules/typescript/lib/lib.es2017.d.ts'
../../node_modules/.pnpm/typescript@5.9.3/node_modules/typescript/lib/lib.es2017.date.d.ts
  Library referenced via 'es2017.date' from file '../../node_modules/.pnpm/typescript@5.9.3/node_modules/typescript/lib/lib.es2017.d.ts'
../../node_modules/.pnpm/typescript@5.9.3/node_modules/typescript/lib/lib.es2017.object.d.ts
  Library referenced via 'es2017.object' from file '../../node_modules/.pnpm/typescript@5.9.3/node_modules/typescript/lib/lib.es2017.d.ts'
../../node_modules/.pnpm/typescript@5.9.3/node_modules/typescript/lib/lib.es2017.sharedmemory.d.ts
  Library referenced via 'es2017.sharedmemory' from file '../../node_modules/.pnpm/typescript@5.9.3/node_modules/typescript/lib/lib.es2017.d.ts'
../../node_modules/.pnpm/typescript@5.9.3/node_modules/typescript/lib/lib.es2017.string.d.ts
  Library referenced via 'es2017.string' from file '../../node_modules/.pnpm/typescript@5.9.3/node_modules/typescript/lib/lib.es2017.d.ts'
../../node_modules/.pnpm/typescript@5.9.3/node_modules/typescript/lib/lib.es2017.intl.d.ts
  Library referenced via 'es2017.intl' from file '../../node_modules/.pnpm/typescript@5.9.3/node_modules/typescript/lib/lib.es2017.d.ts'
../../node_modules/.pnpm/typescript@5.9.3/node_modules/typescript/lib/lib.es2017.typedarrays.d.ts
  Library referenced via 'es2017.typedarrays' from file '../../node_modules/.pnpm/typescript@5.9.3/node_modules/typescript/lib/lib.es2017.d.ts'
../../node_modules/.pnpm/typescript@5.9.3/node_modules/typescript/lib/lib.es2018.asyncgenerator.d.ts
  Library referenced via 'es2018.asyncgenerator' from file '../../node_modules/.pnpm/typescript@5.9.3/node_modules/typescript/lib/lib.es2018.d.ts'
../../node_modules/.pnpm/typescript@5.9.3/node_modules/typescript/lib/lib.es2018.asynciterable.d.ts
  Library referenced via 'es2018.asynciterable' from file '../../node_modules/.pnpm/typescript@5.9.3/node_modules/typescript/lib/lib.es2018.d.ts'
  Library referenced via 'es2018.asynciterable' from file '../../node_modules/.pnpm/typescript@5.9.3/node_modules/typescript/lib/lib.es2018.asyncgenerator.d.ts'
  Library referenced via 'es2018.asynciterable' from file '../../node_modules/.pnpm/typescript@5.9.3/node_modules/typescript/lib/lib.esnext.disposable.d.ts'
../../node_modules/.pnpm/typescript@5.9.3/node_modules/typescript/lib/lib.es2018.intl.d.ts
  Library referenced via 'es2018.intl' from file '../../node_modules/.pnpm/typescript@5.9.3/node_modules/typescript/lib/lib.es2018.d.ts'
  Library referenced via 'es2018.intl' from file '../../node_modules/.pnpm/typescript@5.9.3/node_modules/typescript/lib/lib.es2020.intl.d.ts'
../../node_modules/.pnpm/typescript@5.9.3/node_modules/typescript/lib/lib.es2018.promise.d.ts
  Library referenced via 'es2018.promise' from file '../../node_modules/.pnpm/typescript@5.9.3/node_modules/typescript/lib/lib.es2018.d.ts'
../../node_modules/.pnpm/typescript@5.9.3/node_modules/typescript/lib/lib.es2018.regexp.d.ts
  Library referenced via 'es2018.regexp' from file '../../node_modules/.pnpm/typescript@5.9.3/node_modules/typescript/lib/lib.es2018.d.ts'
../../node_modules/.pnpm/typescript@5.9.3/node_modules/typescript/lib/lib.es2019.array.d.ts
  Library referenced via 'es2019.array' from file '../../node_modules/.pnpm/typescript@5.9.3/node_modules/typescript/lib/lib.es2019.d.ts'
../../node_modules/.pnpm/typescript@5.9.3/node_modules/typescript/lib/lib.es2019.object.d.ts
  Library referenced via 'es2019.object' from file '../../node_modules/.pnpm/typescript@5.9.3/node_modules/typescript/lib/lib.es2019.d.ts'
../../node_modules/.pnpm/typescript@5.9.3/node_modules/typescript/lib/lib.es2019.string.d.ts
  Library referenced via 'es2019.string' from file '../../node_modules/.pnpm/typescript@5.9.3/node_modules/typescript/lib/lib.es2019.d.ts'
../../node_modules/.pnpm/typescript@5.9.3/node_modules/typescript/lib/lib.es2019.symbol.d.ts
  Library referenced via 'es2019.symbol' from file '../../node_modules/.pnpm/typescript@5.9.3/node_modules/typescript/lib/lib.es2019.d.ts'
../../node_modules/.pnpm/typescript@5.9.3/node_modules/typescript/lib/lib.es2019.intl.d.ts
  Library referenced via 'es2019.intl' from file '../../node_modules/.pnpm/typescript@5.9.3/node_modules/typescript/lib/lib.es2019.d.ts'
../../node_modules/.pnpm/typescript@5.9.3/node_modules/typescript/lib/lib.es2020.bigint.d.ts
  Library referenced via 'es2020.bigint' from file '../../node_modules/.pnpm/typescript@5.9.3/node_modules/typescript/lib/lib.es2020.d.ts'
  Library referenced via 'es2020.bigint' from file '../../node_modules/.pnpm/typescript@5.9.3/node_modules/typescript/lib/lib.es2020.sharedmemory.d.ts'
../../node_modules/.pnpm/typescript@5.9.3/node_modules/typescript/lib/lib.es2020.date.d.ts
  Library referenced via 'es2020.date' from file '../../node_modules/.pnpm/typescript@5.9.3/node_modules/typescript/lib/lib.es2020.d.ts'
../../node_modules/.pnpm/typescript@5.9.3/node_modules/typescript/lib/lib.es2020.promise.d.ts
  Library referenced via 'es2020.promise' from file '../../node_modules/.pnpm/typescript@5.9.3/node_modules/typescript/lib/lib.es2020.d.ts'
../../node_modules/.pnpm/typescript@5.9.3/node_modules/typescript/lib/lib.es2020.sharedmemory.d.ts
  Library referenced via 'es2020.sharedmemory' from file '../../node_modules/.pnpm/typescript@5.9.3/node_modules/typescript/lib/lib.es2020.d.ts'
../../node_modules/.pnpm/typescript@5.9.3/node_modules/typescript/lib/lib.es2020.string.d.ts
  Library referenced via 'es2020.string' from file '../../node_modules/.pnpm/typescript@5.9.3/node_modules/typescript/lib/lib.es2020.d.ts'
../../node_modules/.pnpm/typescript@5.9.3/node_modules/typescript/lib/lib.es2020.symbol.wellknown.d.ts
  Library referenced via 'es2020.symbol.wellknown' from file '../../node_modules/.pnpm/typescript@5.9.3/node_modules/typescript/lib/lib.es2020.string.d.ts'
  Library referenced via 'es2020.symbol.wellknown' from file '../../node_modules/.pnpm/typescript@5.9.3/node_modules/typescript/lib/lib.es2020.d.ts'
../../node_modules/.pnpm/typescript@5.9.3/node_modules/typescript/lib/lib.es2020.intl.d.ts
  Library referenced via 'es2020.intl' from file '../../node_modules/.pnpm/typescript@5.9.3/node_modules/typescript/lib/lib.es2020.bigint.d.ts'
  Library referenced via 'es2020.intl' from file '../../node_modules/.pnpm/typescript@5.9.3/node_modules/typescript/lib/lib.es2020.date.d.ts'
  Library referenced via 'es2020.intl' from file '../../node_modules/.pnpm/typescript@5.9.3/node_modules/typescript/lib/lib.es2020.number.d.ts'
  Library referenced via 'es2020.intl' from file '../../node_modules/.pnpm/typescript@5.9.3/node_modules/typescript/lib/lib.es2020.string.d.ts'
  Library referenced via 'es2020.intl' from file '../../node_modules/.pnpm/typescript@5.9.3/node_modules/typescript/lib/lib.es2020.d.ts'
../../node_modules/.pnpm/typescript@5.9.3/node_modules/typescript/lib/lib.es2020.number.d.ts
  Library referenced via 'es2020.number' from file '../../node_modules/.pnpm/typescript@5.9.3/node_modules/typescript/lib/lib.es2020.d.ts'
../../node_modules/.pnpm/typescript@5.9.3/node_modules/typescript/lib/lib.es2021.promise.d.ts
  Library referenced via 'es2021.promise' from file '../../node_modules/.pnpm/typescript@5.9.3/node_modules/typescript/lib/lib.es2021.d.ts'
  Library referenced via 'es2021.promise' from file '../../node_modules/.pnpm/typescript@5.9.3/node_modules/typescript/lib/lib.es2022.error.d.ts'
../../node_modules/.pnpm/typescript@5.9.3/node_modules/typescript/lib/lib.es2021.string.d.ts
  Library referenced via 'es2021.string' from file '../../node_modules/.pnpm/typescript@5.9.3/node_modules/typescript/lib/lib.es2021.d.ts'
../../node_modules/.pnpm/typescript@5.9.3/node_modules/typescript/lib/lib.es2021.weakref.d.ts
  Library referenced via 'es2021.weakref' from file '../../node_modules/.pnpm/typescript@5.9.3/node_modules/typescript/lib/lib.es2021.d.ts'
../../node_modules/.pnpm/typescript@5.9.3/node_modules/typescript/lib/lib.es2021.intl.d.ts
  Library referenced via 'es2021.intl' from file '../../node_modules/.pnpm/typescript@5.9.3/node_modules/typescript/lib/lib.es2021.d.ts'
../../node_modules/.pnpm/typescript@5.9.3/node_modules/typescript/lib/lib.es2022.array.d.ts
  Library referenced via 'es2022.array' from file '../../node_modules/.pnpm/typescript@5.9.3/node_modules/typescript/lib/lib.es2022.d.ts'
../../node_modules/.pnpm/typescript@5.9.3/node_modules/typescript/lib/lib.es2022.error.d.ts
  Library referenced via 'es2022.error' from file '../../node_modules/.pnpm/typescript@5.9.3/node_modules/typescript/lib/lib.es2022.d.ts'
../../node_modules/.pnpm/typescript@5.9.3/node_modules/typescript/lib/lib.es2022.intl.d.ts
  Library referenced via 'es2022.intl' from file '../../node_modules/.pnpm/typescript@5.9.3/node_modules/typescript/lib/lib.es2022.d.ts'
../../node_modules/.pnpm/typescript@5.9.3/node_modules/typescript/lib/lib.es2022.object.d.ts
  Library referenced via 'es2022.object' from file '../../node_modules/.pnpm/typescript@5.9.3/node_modules/typescript/lib/lib.es2022.d.ts'
../../node_modules/.pnpm/typescript@5.9.3/node_modules/typescript/lib/lib.es2022.string.d.ts
  Library referenced via 'es2022.string' from file '../../node_modules/.pnpm/typescript@5.9.3/node_modules/typescript/lib/lib.es2022.d.ts'
../../node_modules/.pnpm/typescript@5.9.3/node_modules/typescript/lib/lib.es2022.regexp.d.ts
  Library referenced via 'es2022.regexp' from file '../../node_modules/.pnpm/typescript@5.9.3/node_modules/typescript/lib/lib.es2022.d.ts'
../../node_modules/.pnpm/typescript@5.9.3/node_modules/typescript/lib/lib.esnext.disposable.d.ts
  Library referenced via 'esnext.disposable' from file '../../node_modules/.pnpm/@types+node@25.6.0/node_modules/@types/node/index.d.ts'
../../node_modules/.pnpm/typescript@5.9.3/node_modules/typescript/lib/lib.esnext.float16.d.ts
  Library referenced via 'esnext.float16' from file '../../node_modules/.pnpm/@types+node@25.6.0/node_modules/@types/node/index.d.ts'
../../node_modules/.pnpm/typescript@5.9.3/node_modules/typescript/lib/lib.decorators.d.ts
  Library referenced via 'decorators' from file '../../node_modules/.pnpm/typescript@5.9.3/node_modules/typescript/lib/lib.es5.d.ts'
../../node_modules/.pnpm/typescript@5.9.3/node_modules/typescript/lib/lib.decorators.legacy.d.ts
  Library referenced via 'decorators.legacy' from file '../../node_modules/.pnpm/typescript@5.9.3/node_modules/typescript/lib/lib.es5.d.ts'
src/index.ts
  Matched by include pattern 'src/**/*.ts' in 'tsconfig.json'
  File is ECMAScript module because 'package.json' has field "type" with value "module"
../../node_modules/.pnpm/@types+node@25.6.0/node_modules/@types/node/compatibility/iterators.d.ts
  Referenced via 'compatibility/iterators.d.ts' from file '../../node_modules/.pnpm/@types+node@25.6.0/node_modules/@types/node/index.d.ts'
../../node_modules/.pnpm/@types+node@25.6.0/node_modules/@types/node/globals.typedarray.d.ts
  Referenced via 'globals.typedarray.d.ts' from file '../../node_modules/.pnpm/@types+node@25.6.0/node_modules/@types/node/index.d.ts'
  File is CommonJS module because '../../node_modules/.pnpm/@types+node@25.6.0/node_modules/@types/node/package.json' does not have field "type"
../../node_modules/.pnpm/@types+node@25.6.0/node_modules/@types/node/buffer.buffer.d.ts
  Referenced via 'buffer.buffer.d.ts' from file '../../node_modules/.pnpm/@types+node@25.6.0/node_modules/@types/node/index.d.ts'
../../node_modules/.pnpm/@types+node@25.6.0/node_modules/@types/node/globals.d.ts
  Referenced via 'globals.d.ts' from file '../../node_modules/.pnpm/@types+node@25.6.0/node_modules/@types/node/index.d.ts'
../../node_modules/.pnpm/@types+node@25.6.0/node_modules/@types/node/web-globals/abortcontroller.d.ts
  Referenced via 'web-globals/abortcontroller.d.ts' from file '../../node_modules/.pnpm/@types+node@25.6.0/node_modules/@types/node/index.d.ts'
  File is CommonJS module because '../../node_modules/.pnpm/@types+node@25.6.0/node_modules/@types/node/package.json' does not have field "type"
../../node_modules/.pnpm/@types+node@25.6.0/node_modules/@types/node/web-globals/blob.d.ts
  Referenced via 'web-globals/blob.d.ts' from file '../../node_modules/.pnpm/@types+node@25.6.0/node_modules/@types/node/index.d.ts'
  File is CommonJS module because '../../node_modules/.pnpm/@types+node@25.6.0/node_modules/@types/node/package.json' does not have field "type"
../../node_modules/.pnpm/@types+node@25.6.0/node_modules/@types/node/web-globals/console.d.ts
  Referenced via 'web-globals/console.d.ts' from file '../../node_modules/.pnpm/@types+node@25.6.0/node_modules/@types/node/index.d.ts'
  File is CommonJS module because '../../node_modules/.pnpm/@types+node@25.6.0/node_modules/@types/node/package.json' does not have field "type"
dist/index.d.ts
  Imported via "crypto" from file '../../node_modules/.pnpm/@types+node@25.6.0/node_modules/@types/node/web-globals/crypto.d.ts' with packageId '@repo/crypto/dist/index.d.ts@0.0.1'
  Imported via "crypto" from file '../../node_modules/.pnpm/@types+node@25.6.0/node_modules/@types/node/process.d.ts' with packageId '@repo/crypto/dist/index.d.ts@0.0.1'
  File is ECMAScript module because 'package.json' has field "type" with value "module"
../../node_modules/.pnpm/@types+node@25.6.0/node_modules/@types/node/web-globals/crypto.d.ts
  Referenced via 'web-globals/crypto.d.ts' from file '../../node_modules/.pnpm/@types+node@25.6.0/node_modules/@types/node/index.d.ts'
  File is CommonJS module because '../../node_modules/.pnpm/@types+node@25.6.0/node_modules/@types/node/package.json' does not have field "type"
../../node_modules/.pnpm/@types+node@25.6.0/node_modules/@types/node/web-globals/domexception.d.ts
  Referenced via 'web-globals/domexception.d.ts' from file '../../node_modules/.pnpm/@types+node@25.6.0/node_modules/@types/node/index.d.ts'
  File is CommonJS module because '../../node_modules/.pnpm/@types+node@25.6.0/node_modules/@types/node/package.json' does not have field "type"
../../node_modules/.pnpm/@types+node@25.6.0/node_modules/@types/node/web-globals/encoding.d.ts
  Referenced via 'web-globals/encoding.d.ts' from file '../../node_modules/.pnpm/@types+node@25.6.0/node_modules/@types/node/index.d.ts'
  File is CommonJS module because '../../node_modules/.pnpm/@types+node@25.6.0/node_modules/@types/node/package.json' does not have field "type"
../../node_modules/.pnpm/@types+node@25.6.0/node_modules/@types/node/web-globals/events.d.ts
  Referenced via 'web-globals/events.d.ts' from file '../../node_modules/.pnpm/@types+node@25.6.0/node_modules/@types/node/index.d.ts'
  File is CommonJS module because '../../node_modules/.pnpm/@types+node@25.6.0/node_modules/@types/node/package.json' does not have field "type"
../../node_modules/.pnpm/undici-types@7.19.2/node_modules/undici-types/utility.d.ts
  Imported via './utility' from file '../../node_modules/.pnpm/undici-types@7.19.2/node_modules/undici-types/header.d.ts' with packageId 'undici-types/utility.d.ts@7.19.2'
  Imported via './utility' from file '../../node_modules/.pnpm/undici-types@7.19.2/node_modules/undici-types/dispatcher.d.ts' with packageId 'undici-types/utility.d.ts@7.19.2'
  File is CommonJS module because '../../node_modules/.pnpm/undici-types@7.19.2/node_modules/undici-types/package.json' does not have field "type"
../../node_modules/.pnpm/undici-types@7.19.2/node_modules/undici-types/header.d.ts
  Imported via './header' from file '../../node_modules/.pnpm/undici-types@7.19.2/node_modules/undici-types/dispatcher.d.ts' with packageId 'undici-types/header.d.ts@7.19.2'
  Imported via './header' from file '../../node_modules/.pnpm/undici-types@7.19.2/node_modules/undici-types/fetch.d.ts' with packageId 'undici-types/header.d.ts@7.19.2'
  Imported via './header' from file '../../node_modules/.pnpm/undici-types@7.19.2/node_modules/undici-types/errors.d.ts' with packageId 'undici-types/header.d.ts@7.19.2'
  Imported via './header' from file '../../node_modules/.pnpm/undici-types@7.19.2/node_modules/undici-types/mock-interceptor.d.ts' with packageId 'undici-types/header.d.ts@7.19.2'
  Imported via './header' from file '../../node_modules/.pnpm/undici-types@7.19.2/node_modules/undici-types/proxy-agent.d.ts' with packageId 'undici-types/header.d.ts@7.19.2'
  File is CommonJS module because '../../node_modules/.pnpm/undici-types@7.19.2/node_modules/undici-types/package.json' does not have field "type"
../../node_modules/.pnpm/undici-types@7.19.2/node_modules/undici-types/readable.d.ts
  Imported via './readable' from file '../../node_modules/.pnpm/undici-types@7.19.2/node_modules/undici-types/dispatcher.d.ts' with packageId 'undici-types/readable.d.ts@7.19.2'
  File is CommonJS module because '../../node_modules/.pnpm/undici-types@7.19.2/node_modules/undici-types/package.json' does not have field "type"
../../node_modules/.pnpm/undici-types@7.19.2/node_modules/undici-types/fetch.d.ts
  Imported via './fetch' from file '../../node_modules/.pnpm/undici-types@7.19.2/node_modules/undici-types/formdata.d.ts' with packageId 'undici-types/fetch.d.ts@7.19.2'
  Imported via './fetch' from file '../../node_modules/.pnpm/undici-types@7.19.2/node_modules/undici-types/mock-interceptor.d.ts' with packageId 'undici-types/fetch.d.ts@7.19.2'
  Imported via './fetch' from file '../../node_modules/.pnpm/undici-types@7.19.2/node_modules/undici-types/cookies.d.ts' with packageId 'undici-types/fetch.d.ts@7.19.2'
  Imported via './fetch' from file '../../node_modules/.pnpm/undici-types@7.19.2/node_modules/undici-types/websocket.d.ts' with packageId 'undici-types/fetch.d.ts@7.19.2'
  Imported via './fetch' from file '../../node_modules/.pnpm/undici-types@7.19.2/node_modules/undici-types/index.d.ts' with packageId 'undici-types/fetch.d.ts@7.19.2'
  Imported via './fetch' from file '../../node_modules/.pnpm/undici-types@7.19.2/node_modules/undici-types/cache.d.ts' with packageId 'undici-types/fetch.d.ts@7.19.2'
  Imported via './fetch' from file '../../node_modules/.pnpm/undici-types@7.19.2/node_modules/undici-types/index.d.ts' with packageId 'undici-types/fetch.d.ts@7.19.2'
  Imported via './fetch' from file '../../node_modules/.pnpm/undici-types@7.19.2/node_modules/undici-types/index.d.ts' with packageId 'undici-types/fetch.d.ts@7.19.2'
  Imported via './fetch' from file '../../node_modules/.pnpm/undici-types@7.19.2/node_modules/undici-types/index.d.ts' with packageId 'undici-types/fetch.d.ts@7.19.2'
  Imported via './fetch' from file '../../node_modules/.pnpm/undici-types@7.19.2/node_modules/undici-types/index.d.ts' with packageId 'undici-types/fetch.d.ts@7.19.2'
  File is CommonJS module because '../../node_modules/.pnpm/undici-types@7.19.2/node_modules/undici-types/package.json' does not have field "type"
../../node_modules/.pnpm/undici-types@7.19.2/node_modules/undici-types/formdata.d.ts
  Imported via './formdata' from file '../../node_modules/.pnpm/undici-types@7.19.2/node_modules/undici-types/dispatcher.d.ts' with packageId 'undici-types/formdata.d.ts@7.19.2'
  Imported via './formdata' from file '../../node_modules/.pnpm/undici-types@7.19.2/node_modules/undici-types/fetch.d.ts' with packageId 'undici-types/formdata.d.ts@7.19.2'
  Imported via './formdata' from file '../../node_modules/.pnpm/undici-types@7.19.2/node_modules/undici-types/index.d.ts' with packageId 'undici-types/formdata.d.ts@7.19.2'
  Imported via './formdata' from file '../../node_modules/.pnpm/undici-types@7.19.2/node_modules/undici-types/index.d.ts' with packageId 'undici-types/formdata.d.ts@7.19.2'
  File is CommonJS module because '../../node_modules/.pnpm/undici-types@7.19.2/node_modules/undici-types/package.json' does not have field "type"
../../node_modules/.pnpm/undici-types@7.19.2/node_modules/undici-types/connector.d.ts
  Imported via './connector' from file '../../node_modules/.pnpm/undici-types@7.19.2/node_modules/undici-types/client.d.ts' with packageId 'undici-types/connector.d.ts@7.19.2'
  Imported via './connector' from file '../../node_modules/.pnpm/undici-types@7.19.2/node_modules/undici-types/h2c-client.d.ts' with packageId 'undici-types/connector.d.ts@7.19.2'
  Imported via './connector' from file '../../node_modules/.pnpm/undici-types@7.19.2/node_modules/undici-types/index.d.ts' with packageId 'undici-types/connector.d.ts@7.19.2'
  Imported via './connector' from file '../../node_modules/.pnpm/undici-types@7.19.2/node_modules/undici-types/proxy-agent.d.ts' with packageId 'undici-types/connector.d.ts@7.19.2'
  Imported via './connector' from file '../../node_modules/.pnpm/undici-types@7.19.2/node_modules/undici-types/diagnostics-channel.d.ts' with packageId 'undici-types/connector.d.ts@7.19.2'
  Imported via './connector' from file '../../node_modules/.pnpm/undici-types@7.19.2/node_modules/undici-types/index.d.ts' with packageId 'undici-types/connector.d.ts@7.19.2'
  File is CommonJS module because '../../node_modules/.pnpm/undici-types@7.19.2/node_modules/undici-types/package.json' does not have field "type"
../../node_modules/.pnpm/undici-types@7.19.2/node_modules/undici-types/client-stats.d.ts
  Imported via './client-stats' from file '../../node_modules/.pnpm/undici-types@7.19.2/node_modules/undici-types/client.d.ts' with packageId 'undici-types/client-stats.d.ts@7.19.2'
  Imported via './client-stats' from file '../../node_modules/.pnpm/undici-types@7.19.2/node_modules/undici-types/agent.d.ts' with packageId 'undici-types/client-stats.d.ts@7.19.2'
  File is CommonJS module because '../../node_modules/.pnpm/undici-types@7.19.2/node_modules/undici-types/package.json' does not have field "type"
../../node_modules/.pnpm/undici-types@7.19.2/node_modules/undici-types/client.d.ts
  Imported via './client' from file '../../node_modules/.pnpm/undici-types@7.19.2/node_modules/undici-types/errors.d.ts' with packageId 'undici-types/client.d.ts@7.19.2'
  Imported via './client' from file '../../node_modules/.pnpm/undici-types@7.19.2/node_modules/undici-types/client-stats.d.ts' with packageId 'undici-types/client.d.ts@7.19.2'
  Imported via './client' from file '../../node_modules/.pnpm/undici-types@7.19.2/node_modules/undici-types/pool.d.ts' with packageId 'undici-types/client.d.ts@7.19.2'
  Imported via './client' from file '../../node_modules/.pnpm/undici-types@7.19.2/node_modules/undici-types/round-robin-pool.d.ts' with packageId 'undici-types/client.d.ts@7.19.2'
  Imported via './client' from file '../../node_modules/.pnpm/undici-types@7.19.2/node_modules/undici-types/index.d.ts' with packageId 'undici-types/client.d.ts@7.19.2'
  Imported via './client' from file '../../node_modules/.pnpm/undici-types@7.19.2/node_modules/undici-types/mock-client.d.ts' with packageId 'undici-types/client.d.ts@7.19.2'
  Imported via './client' from file '../../node_modules/.pnpm/undici-types@7.19.2/node_modules/undici-types/index.d.ts' with packageId 'undici-types/client.d.ts@7.19.2'
  File is CommonJS module because '../../node_modules/.pnpm/undici-types@7.19.2/node_modules/undici-types/package.json' does not have field "type"
../../node_modules/.pnpm/undici-types@7.19.2/node_modules/undici-types/errors.d.ts
  Imported via './errors' from file '../../node_modules/.pnpm/undici-types@7.19.2/node_modules/undici-types/dispatcher.d.ts' with packageId 'undici-types/errors.d.ts@7.19.2'
  Imported via './errors' from file '../../node_modules/.pnpm/undici-types@7.19.2/node_modules/undici-types/index.d.ts' with packageId 'undici-types/errors.d.ts@7.19.2'
  Imported via './errors' from file '../../node_modules/.pnpm/undici-types@7.19.2/node_modules/undici-types/mock-errors.d.ts' with packageId 'undici-types/errors.d.ts@7.19.2'
  Imported via './errors' from file '../../node_modules/.pnpm/undici-types@7.19.2/node_modules/undici-types/index.d.ts' with packageId 'undici-types/errors.d.ts@7.19.2'
  File is CommonJS module because '../../node_modules/.pnpm/undici-types@7.19.2/node_modules/undici-types/package.json' does not have field "type"
../../node_modules/.pnpm/undici-types@7.19.2/node_modules/undici-types/dispatcher.d.ts
  Imported via './dispatcher' from file '../../node_modules/.pnpm/undici-types@7.19.2/node_modules/undici-types/index.d.ts' with packageId 'undici-types/dispatcher.d.ts@7.19.2'
  Imported via './dispatcher' from file '../../node_modules/.pnpm/undici-types@7.19.2/node_modules/undici-types/fetch.d.ts' with packageId 'undici-types/dispatcher.d.ts@7.19.2'
  Imported via './dispatcher' from file '../../node_modules/.pnpm/undici-types@7.19.2/node_modules/undici-types/client.d.ts' with packageId 'undici-types/dispatcher.d.ts@7.19.2'
  Imported via './dispatcher' from file '../../node_modules/.pnpm/undici-types@7.19.2/node_modules/undici-types/global-dispatcher.d.ts' with packageId 'undici-types/dispatcher.d.ts@7.19.2'
  Imported via './dispatcher' from file '../../node_modules/.pnpm/undici-types@7.19.2/node_modules/undici-types/pool.d.ts' with packageId 'undici-types/dispatcher.d.ts@7.19.2'
  Imported via './dispatcher' from file '../../node_modules/.pnpm/undici-types@7.19.2/node_modules/undici-types/handlers.d.ts' with packageId 'undici-types/dispatcher.d.ts@7.19.2'
  Imported via './dispatcher' from file '../../node_modules/.pnpm/undici-types@7.19.2/node_modules/undici-types/balanced-pool.d.ts' with packageId 'undici-types/dispatcher.d.ts@7.19.2'
  Imported via './dispatcher' from file '../../node_modules/.pnpm/undici-types@7.19.2/node_modules/undici-types/round-robin-pool.d.ts' with packageId 'undici-types/dispatcher.d.ts@7.19.2'
  Imported via './dispatcher' from file '../../node_modules/.pnpm/undici-types@7.19.2/node_modules/undici-types/h2c-client.d.ts' with packageId 'undici-types/dispatcher.d.ts@7.19.2'
  Imported via './dispatcher' from file '../../node_modules/.pnpm/undici-types@7.19.2/node_modules/undici-types/agent.d.ts' with packageId 'undici-types/dispatcher.d.ts@7.19.2'
  Imported via './dispatcher' from file '../../node_modules/.pnpm/undici-types@7.19.2/node_modules/undici-types/mock-client.d.ts' with packageId 'undici-types/dispatcher.d.ts@7.19.2'
  Imported via './dispatcher' from file '../../node_modules/.pnpm/undici-types@7.19.2/node_modules/undici-types/mock-agent.d.ts' with packageId 'undici-types/dispatcher.d.ts@7.19.2'
  Imported via './dispatcher' from file '../../node_modules/.pnpm/undici-types@7.19.2/node_modules/undici-types/mock-interceptor.d.ts' with packageId 'undici-types/dispatcher.d.ts@7.19.2'
  Imported via './dispatcher' from file '../../node_modules/.pnpm/undici-types@7.19.2/node_modules/undici-types/mock-call-history.d.ts' with packageId 'undici-types/dispatcher.d.ts@7.19.2'
  Imported via './dispatcher' from file '../../node_modules/.pnpm/undici-types@7.19.2/node_modules/undici-types/mock-pool.d.ts' with packageId 'undici-types/dispatcher.d.ts@7.19.2'
  Imported via './dispatcher' from file '../../node_modules/.pnpm/undici-types@7.19.2/node_modules/undici-types/proxy-agent.d.ts' with packageId 'undici-types/dispatcher.d.ts@7.19.2'
  Imported via './dispatcher' from file '../../node_modules/.pnpm/undici-types@7.19.2/node_modules/undici-types/env-http-proxy-agent.d.ts' with packageId 'undici-types/dispatcher.d.ts@7.19.2'
  Imported via './dispatcher' from file '../../node_modules/.pnpm/undici-types@7.19.2/node_modules/undici-types/retry-handler.d.ts' with packageId 'undici-types/dispatcher.d.ts@7.19.2'
  Imported via './dispatcher' from file '../../node_modules/.pnpm/undici-types@7.19.2/node_modules/undici-types/retry-agent.d.ts' with packageId 'undici-types/dispatcher.d.ts@7.19.2'
  Imported via './dispatcher' from file '../../node_modules/.pnpm/undici-types@7.19.2/node_modules/undici-types/api.d.ts' with packageId 'undici-types/dispatcher.d.ts@7.19.2'
  Imported via './dispatcher' from file '../../node_modules/.pnpm/undici-types@7.19.2/node_modules/undici-types/interceptors.d.ts' with packageId 'undici-types/dispatcher.d.ts@7.19.2'
  Imported via './dispatcher' from file '../../node_modules/.pnpm/undici-types@7.19.2/node_modules/undici-types/websocket.d.ts' with packageId 'undici-types/dispatcher.d.ts@7.19.2'
  Imported via './dispatcher' from file '../../node_modules/.pnpm/undici-types@7.19.2/node_modules/undici-types/eventsource.d.ts' with packageId 'undici-types/dispatcher.d.ts@7.19.2'
  Imported via './dispatcher' from file '../../node_modules/.pnpm/undici-types@7.19.2/node_modules/undici-types/diagnostics-channel.d.ts' with packageId 'undici-types/dispatcher.d.ts@7.19.2'
  Imported via './dispatcher' from file '../../node_modules/.pnpm/undici-types@7.19.2/node_modules/undici-types/index.d.ts' with packageId 'undici-types/dispatcher.d.ts@7.19.2'
  File is CommonJS module because '../../node_modules/.pnpm/undici-types@7.19.2/node_modules/undici-types/package.json' does not have field "type"
../../node_modules/.pnpm/undici-types@7.19.2/node_modules/undici-types/global-dispatcher.d.ts
  Imported via './global-dispatcher' from file '../../node_modules/.pnpm/undici-types@7.19.2/node_modules/undici-types/index.d.ts' with packageId 'undici-types/global-dispatcher.d.ts@7.19.2'
  Imported via './global-dispatcher' from file '../../node_modules/.pnpm/undici-types@7.19.2/node_modules/undici-types/index.d.ts' with packageId 'undici-types/global-dispatcher.d.ts@7.19.2'
  Imported via './global-dispatcher' from file '../../node_modules/.pnpm/undici-types@7.19.2/node_modules/undici-types/index.d.ts' with packageId 'undici-types/global-dispatcher.d.ts@7.19.2'
  File is CommonJS module because '../../node_modules/.pnpm/undici-types@7.19.2/node_modules/undici-types/package.json' does not have field "type"
../../node_modules/.pnpm/undici-types@7.19.2/node_modules/undici-types/global-origin.d.ts
  Imported via './global-origin' from file '../../node_modules/.pnpm/undici-types@7.19.2/node_modules/undici-types/index.d.ts' with packageId 'undici-types/global-origin.d.ts@7.19.2'
  File is CommonJS module because '../../node_modules/.pnpm/undici-types@7.19.2/node_modules/undici-types/package.json' does not have field "type"
../../node_modules/.pnpm/undici-types@7.19.2/node_modules/undici-types/pool-stats.d.ts
  Imported via './pool-stats' from file '../../node_modules/.pnpm/undici-types@7.19.2/node_modules/undici-types/pool.d.ts' with packageId 'undici-types/pool-stats.d.ts@7.19.2'
  Imported via './pool-stats' from file '../../node_modules/.pnpm/undici-types@7.19.2/node_modules/undici-types/round-robin-pool.d.ts' with packageId 'undici-types/pool-stats.d.ts@7.19.2'
  Imported via './pool-stats' from file '../../node_modules/.pnpm/undici-types@7.19.2/node_modules/undici-types/agent.d.ts' with packageId 'undici-types/pool-stats.d.ts@7.19.2'
  File is CommonJS module because '../../node_modules/.pnpm/undici-types@7.19.2/node_modules/undici-types/package.json' does not have field "type"
../../node_modules/.pnpm/undici-types@7.19.2/node_modules/undici-types/pool.d.ts
  Imported via './pool' from file '../../node_modules/.pnpm/undici-types@7.19.2/node_modules/undici-types/index.d.ts' with packageId 'undici-types/pool.d.ts@7.19.2'
  Imported via './pool' from file '../../node_modules/.pnpm/undici-types@7.19.2/node_modules/undici-types/pool-stats.d.ts' with packageId 'undici-types/pool.d.ts@7.19.2'
  Imported via './pool' from file '../../node_modules/.pnpm/undici-types@7.19.2/node_modules/undici-types/balanced-pool.d.ts' with packageId 'undici-types/pool.d.ts@7.19.2'
  Imported via './pool' from file '../../node_modules/.pnpm/undici-types@7.19.2/node_modules/undici-types/agent.d.ts' with packageId 'undici-types/pool.d.ts@7.19.2'
  Imported via './pool' from file '../../node_modules/.pnpm/undici-types@7.19.2/node_modules/undici-types/mock-pool.d.ts' with packageId 'undici-types/pool.d.ts@7.19.2'
  Imported via './pool' from file '../../node_modules/.pnpm/undici-types@7.19.2/node_modules/undici-types/index.d.ts' with packageId 'undici-types/pool.d.ts@7.19.2'
  File is CommonJS module because '../../node_modules/.pnpm/undici-types@7.19.2/node_modules/undici-types/package.json' does not have field "type"
../../node_modules/.pnpm/undici-types@7.19.2/node_modules/undici-types/handlers.d.ts
  Imported via './handlers' from file '../../node_modules/.pnpm/undici-types@7.19.2/node_modules/undici-types/index.d.ts' with packageId 'undici-types/handlers.d.ts@7.19.2'
  Imported via './handlers' from file '../../node_modules/.pnpm/undici-types@7.19.2/node_modules/undici-types/index.d.ts' with packageId 'undici-types/handlers.d.ts@7.19.2'
  Imported via './handlers' from file '../../node_modules/.pnpm/undici-types@7.19.2/node_modules/undici-types/index.d.ts' with packageId 'undici-types/handlers.d.ts@7.19.2'
  File is CommonJS module because '../../node_modules/.pnpm/undici-types@7.19.2/node_modules/undici-types/package.json' does not have field "type"
../../node_modules/.pnpm/undici-types@7.19.2/node_modules/undici-types/balanced-pool.d.ts
  Imported via './balanced-pool' from file '../../node_modules/.pnpm/undici-types@7.19.2/node_modules/undici-types/index.d.ts' with packageId 'undici-types/balanced-pool.d.ts@7.19.2'
  Imported via './balanced-pool' from file '../../node_modules/.pnpm/undici-types@7.19.2/node_modules/undici-types/index.d.ts' with packageId 'undici-types/balanced-pool.d.ts@7.19.2'
  File is CommonJS module because '../../node_modules/.pnpm/undici-types@7.19.2/node_modules/undici-types/package.json' does not have field "type"
../../node_modules/.pnpm/undici-types@7.19.2/node_modules/undici-types/round-robin-pool.d.ts
  Imported via './round-robin-pool' from file '../../node_modules/.pnpm/undici-types@7.19.2/node_modules/undici-types/index.d.ts' with packageId 'undici-types/round-robin-pool.d.ts@7.19.2'
  Imported via './round-robin-pool' from file '../../node_modules/.pnpm/undici-types@7.19.2/node_modules/undici-types/index.d.ts' with packageId 'undici-types/round-robin-pool.d.ts@7.19.2'
  File is CommonJS module because '../../node_modules/.pnpm/undici-types@7.19.2/node_modules/undici-types/package.json' does not have field "type"
../../node_modules/.pnpm/undici-types@7.19.2/node_modules/undici-types/h2c-client.d.ts
  Imported via './h2c-client' from file '../../node_modules/.pnpm/undici-types@7.19.2/node_modules/undici-types/index.d.ts' with packageId 'undici-types/h2c-client.d.ts@7.19.2'
  Imported via './h2c-client' from file '../../node_modules/.pnpm/undici-types@7.19.2/node_modules/undici-types/index.d.ts' with packageId 'undici-types/h2c-client.d.ts@7.19.2'
  File is CommonJS module because '../../node_modules/.pnpm/undici-types@7.19.2/node_modules/undici-types/package.json' does not have field "type"
../../node_modules/.pnpm/undici-types@7.19.2/node_modules/undici-types/agent.d.ts
  Imported via './agent' from file '../../node_modules/.pnpm/undici-types@7.19.2/node_modules/undici-types/index.d.ts' with packageId 'undici-types/agent.d.ts@7.19.2'
  Imported via './agent' from file '../../node_modules/.pnpm/undici-types@7.19.2/node_modules/undici-types/mock-agent.d.ts' with packageId 'undici-types/agent.d.ts@7.19.2'
  Imported via './agent' from file '../../node_modules/.pnpm/undici-types@7.19.2/node_modules/undici-types/proxy-agent.d.ts' with packageId 'undici-types/agent.d.ts@7.19.2'
  Imported via './agent' from file '../../node_modules/.pnpm/undici-types@7.19.2/node_modules/undici-types/env-http-proxy-agent.d.ts' with packageId 'undici-types/agent.d.ts@7.19.2'
  Imported via './agent' from file '../../node_modules/.pnpm/undici-types@7.19.2/node_modules/undici-types/index.d.ts' with packageId 'undici-types/agent.d.ts@7.19.2'
  File is CommonJS module because '../../node_modules/.pnpm/undici-types@7.19.2/node_modules/undici-types/package.json' does not have field "type"
../../node_modules/.pnpm/undici-types@7.19.2/node_modules/undici-types/mock-interceptor.d.ts
  Imported via './mock-interceptor' from file '../../node_modules/.pnpm/undici-types@7.19.2/node_modules/undici-types/mock-agent.d.ts' with packageId 'undici-types/mock-interceptor.d.ts@7.19.2'
  Imported via './mock-interceptor' from file '../../node_modules/.pnpm/undici-types@7.19.2/node_modules/undici-types/mock-client.d.ts' with packageId 'undici-types/mock-interceptor.d.ts@7.19.2'
  Imported via './mock-interceptor' from file '../../node_modules/.pnpm/undici-types@7.19.2/node_modules/undici-types/mock-pool.d.ts' with packageId 'undici-types/mock-interceptor.d.ts@7.19.2'
  Imported via './mock-interceptor' from file '../../node_modules/.pnpm/undici-types@7.19.2/node_modules/undici-types/index.d.ts' with packageId 'undici-types/mock-interceptor.d.ts@7.19.2'
  File is CommonJS module because '../../node_modules/.pnpm/undici-types@7.19.2/node_modules/undici-types/package.json' does not have field "type"
../../node_modules/.pnpm/undici-types@7.19.2/node_modules/undici-types/mock-call-history.d.ts
  Imported via './mock-call-history' from file '../../node_modules/.pnpm/undici-types@7.19.2/node_modules/undici-types/mock-agent.d.ts' with packageId 'undici-types/mock-call-history.d.ts@7.19.2'
  Imported via './mock-call-history' from file '../../node_modules/.pnpm/undici-types@7.19.2/node_modules/undici-types/index.d.ts' with packageId 'undici-types/mock-call-history.d.ts@7.19.2'
  Imported via './mock-call-history' from file '../../node_modules/.pnpm/undici-types@7.19.2/node_modules/undici-types/index.d.ts' with packageId 'undici-types/mock-call-history.d.ts@7.19.2'
  Imported via './mock-call-history' from file '../../node_modules/.pnpm/undici-types@7.19.2/node_modules/undici-types/index.d.ts' with packageId 'undici-types/mock-call-history.d.ts@7.19.2'
  File is CommonJS module because '../../node_modules/.pnpm/undici-types@7.19.2/node_modules/undici-types/package.json' does not have field "type"
../../node_modules/.pnpm/undici-types@7.19.2/node_modules/undici-types/mock-agent.d.ts
  Imported via './mock-agent' from file '../../node_modules/.pnpm/undici-types@7.19.2/node_modules/undici-types/mock-client.d.ts' with packageId 'undici-types/mock-agent.d.ts@7.19.2'
  Imported via './mock-agent' from file '../../node_modules/.pnpm/undici-types@7.19.2/node_modules/undici-types/mock-pool.d.ts' with packageId 'undici-types/mock-agent.d.ts@7.19.2'
  Imported via './mock-agent' from file '../../node_modules/.pnpm/undici-types@7.19.2/node_modules/undici-types/index.d.ts' with packageId 'undici-types/mock-agent.d.ts@7.19.2'
  Imported via './mock-agent' from file '../../node_modules/.pnpm/undici-types@7.19.2/node_modules/undici-types/snapshot-agent.d.ts' with packageId 'undici-types/mock-agent.d.ts@7.19.2'
  Imported via './mock-agent' from file '../../node_modules/.pnpm/undici-types@7.19.2/node_modules/undici-types/index.d.ts' with packageId 'undici-types/mock-agent.d.ts@7.19.2'
  File is CommonJS module because '../../node_modules/.pnpm/undici-types@7.19.2/node_modules/undici-types/package.json' does not have field "type"
../../node_modules/.pnpm/undici-types@7.19.2/node_modules/undici-types/mock-client.d.ts
  Imported via './mock-client' from file '../../node_modules/.pnpm/undici-types@7.19.2/node_modules/undici-types/index.d.ts' with packageId 'undici-types/mock-client.d.ts@7.19.2'
  Imported via './mock-client' from file '../../node_modules/.pnpm/undici-types@7.19.2/node_modules/undici-types/index.d.ts' with packageId 'undici-types/mock-client.d.ts@7.19.2'
  File is CommonJS module because '../../node_modules/.pnpm/undici-types@7.19.2/node_modules/undici-types/package.json' does not have field "type"
../../node_modules/.pnpm/undici-types@7.19.2/node_modules/undici-types/mock-pool.d.ts
  Imported via './mock-pool' from file '../../node_modules/.pnpm/undici-types@7.19.2/node_modules/undici-types/index.d.ts' with packageId 'undici-types/mock-pool.d.ts@7.19.2'
  Imported via './mock-pool' from file '../../node_modules/.pnpm/undici-types@7.19.2/node_modules/undici-types/index.d.ts' with packageId 'undici-types/mock-pool.d.ts@7.19.2'
  File is CommonJS module because '../../node_modules/.pnpm/undici-types@7.19.2/node_modules/undici-types/package.json' does not have field "type"
../../node_modules/.pnpm/undici-types@7.19.2/node_modules/undici-types/snapshot-agent.d.ts
  Imported via './snapshot-agent' from file '../../node_modules/.pnpm/undici-types@7.19.2/node_modules/undici-types/index.d.ts' with packageId 'undici-types/snapshot-agent.d.ts@7.19.2'
  Imported via './snapshot-agent' from file '../../node_modules/.pnpm/undici-types@7.19.2/node_modules/undici-types/index.d.ts' with packageId 'undici-types/snapshot-agent.d.ts@7.19.2'
  File is CommonJS module because '../../node_modules/.pnpm/undici-types@7.19.2/node_modules/undici-types/package.json' does not have field "type"
../../node_modules/.pnpm/undici-types@7.19.2/node_modules/undici-types/mock-errors.d.ts
  Imported via './mock-errors' from file '../../node_modules/.pnpm/undici-types@7.19.2/node_modules/undici-types/index.d.ts' with packageId 'undici-types/mock-errors.d.ts@7.19.2'
  Imported via './mock-errors' from file '../../node_modules/.pnpm/undici-types@7.19.2/node_modules/undici-types/index.d.ts' with packageId 'undici-types/mock-errors.d.ts@7.19.2'
  File is CommonJS module because '../../node_modules/.pnpm/undici-types@7.19.2/node_modules/undici-types/package.json' does not have field "type"
../../node_modules/.pnpm/undici-types@7.19.2/node_modules/undici-types/proxy-agent.d.ts
  Imported via './proxy-agent' from file '../../node_modules/.pnpm/undici-types@7.19.2/node_modules/undici-types/index.d.ts' with packageId 'undici-types/proxy-agent.d.ts@7.19.2'
  Imported via './proxy-agent' from file '../../node_modules/.pnpm/undici-types@7.19.2/node_modules/undici-types/env-http-proxy-agent.d.ts' with packageId 'undici-types/proxy-agent.d.ts@7.19.2'
  File is CommonJS module because '../../node_modules/.pnpm/undici-types@7.19.2/node_modules/undici-types/package.json' does not have field "type"
../../node_modules/.pnpm/undici-types@7.19.2/node_modules/undici-types/env-http-proxy-agent.d.ts
  Imported via './env-http-proxy-agent' from file '../../node_modules/.pnpm/undici-types@7.19.2/node_modules/undici-types/index.d.ts' with packageId 'undici-types/env-http-proxy-agent.d.ts@7.19.2'
  File is CommonJS module because '../../node_modules/.pnpm/undici-types@7.19.2/node_modules/undici-types/package.json' does not have field "type"
../../node_modules/.pnpm/undici-types@7.19.2/node_modules/undici-types/retry-handler.d.ts
  Imported via './retry-handler' from file '../../node_modules/.pnpm/undici-types@7.19.2/node_modules/undici-types/index.d.ts' with packageId 'undici-types/retry-handler.d.ts@7.19.2'
  Imported via './retry-handler' from file '../../node_modules/.pnpm/undici-types@7.19.2/node_modules/undici-types/retry-agent.d.ts' with packageId 'undici-types/retry-handler.d.ts@7.19.2'
  Imported via './retry-handler' from file '../../node_modules/.pnpm/undici-types@7.19.2/node_modules/undici-types/interceptors.d.ts' with packageId 'undici-types/retry-handler.d.ts@7.19.2'
  Imported via './retry-handler' from file '../../node_modules/.pnpm/undici-types@7.19.2/node_modules/undici-types/index.d.ts' with packageId 'undici-types/retry-handler.d.ts@7.19.2'
  File is CommonJS module because '../../node_modules/.pnpm/undici-types@7.19.2/node_modules/undici-types/package.json' does not have field "type"
../../node_modules/.pnpm/undici-types@7.19.2/node_modules/undici-types/retry-agent.d.ts
  Imported via './retry-agent' from file '../../node_modules/.pnpm/undici-types@7.19.2/node_modules/undici-types/index.d.ts' with packageId 'undici-types/retry-agent.d.ts@7.19.2'
  File is CommonJS module because '../../node_modules/.pnpm/undici-types@7.19.2/node_modules/undici-types/package.json' does not have field "type"
../../node_modules/.pnpm/undici-types@7.19.2/node_modules/undici-types/api.d.ts
  Imported via './api' from file '../../node_modules/.pnpm/undici-types@7.19.2/node_modules/undici-types/index.d.ts' with packageId 'undici-types/api.d.ts@7.19.2'
  Imported via './api' from file '../../node_modules/.pnpm/undici-types@7.19.2/node_modules/undici-types/index.d.ts' with packageId 'undici-types/api.d.ts@7.19.2'
  Imported via './api' from file '../../node_modules/.pnpm/undici-types@7.19.2/node_modules/undici-types/index.d.ts' with packageId 'undici-types/api.d.ts@7.19.2'
  Imported via './api' from file '../../node_modules/.pnpm/undici-types@7.19.2/node_modules/undici-types/index.d.ts' with packageId 'undici-types/api.d.ts@7.19.2'
  Imported via './api' from file '../../node_modules/.pnpm/undici-types@7.19.2/node_modules/undici-types/index.d.ts' with packageId 'undici-types/api.d.ts@7.19.2'
  Imported via './api' from file '../../node_modules/.pnpm/undici-types@7.19.2/node_modules/undici-types/index.d.ts' with packageId 'undici-types/api.d.ts@7.19.2'
  File is CommonJS module because '../../node_modules/.pnpm/undici-types@7.19.2/node_modules/undici-types/package.json' does not have field "type"
../../node_modules/.pnpm/undici-types@7.19.2/node_modules/undici-types/cache-interceptor.d.ts
  Imported via './cache-interceptor' from file '../../node_modules/.pnpm/undici-types@7.19.2/node_modules/undici-types/interceptors.d.ts' with packageId 'undici-types/cache-interceptor.d.ts@7.19.2'
  Imported via './cache-interceptor' from file '../../node_modules/.pnpm/undici-types@7.19.2/node_modules/undici-types/index.d.ts' with packageId 'undici-types/cache-interceptor.d.ts@7.19.2'
  Imported via './cache-interceptor' from file '../../node_modules/.pnpm/undici-types@7.19.2/node_modules/undici-types/index.d.ts' with packageId 'undici-types/cache-interceptor.d.ts@7.19.2'
  Imported via './cache-interceptor' from file '../../node_modules/.pnpm/undici-types@7.19.2/node_modules/undici-types/index.d.ts' with packageId 'undici-types/cache-interceptor.d.ts@7.19.2'
  File is CommonJS module because '../../node_modules/.pnpm/undici-types@7.19.2/node_modules/undici-types/package.json' does not have field "type"
../../node_modules/.pnpm/undici-types@7.19.2/node_modules/undici-types/interceptors.d.ts
  Imported via './interceptors' from file '../../node_modules/.pnpm/undici-types@7.19.2/node_modules/undici-types/index.d.ts' with packageId 'undici-types/interceptors.d.ts@7.19.2'
  Imported via './interceptors' from file '../../node_modules/.pnpm/undici-types@7.19.2/node_modules/undici-types/index.d.ts' with packageId 'undici-types/interceptors.d.ts@7.19.2'
  File is CommonJS module because '../../node_modules/.pnpm/undici-types@7.19.2/node_modules/undici-types/package.json' does not have field "type"
../../node_modules/.pnpm/undici-types@7.19.2/node_modules/undici-types/util.d.ts
  Imported via './util' from file '../../node_modules/.pnpm/undici-types@7.19.2/node_modules/undici-types/index.d.ts' with packageId 'undici-types/util.d.ts@7.19.2'
  File is CommonJS module because '../../node_modules/.pnpm/undici-types@7.19.2/node_modules/undici-types/package.json' does not have field "type"
../../node_modules/.pnpm/undici-types@7.19.2/node_modules/undici-types/cookies.d.ts
  Imported via './cookies' from file '../../node_modules/.pnpm/undici-types@7.19.2/node_modules/undici-types/index.d.ts' with packageId 'undici-types/cookies.d.ts@7.19.2'
  File is CommonJS module because '../../node_modules/.pnpm/undici-types@7.19.2/node_modules/undici-types/package.json' does not have field "type"
../../node_modules/.pnpm/undici-types@7.19.2/node_modules/undici-types/patch.d.ts
  Imported via './patch' from file '../../node_modules/.pnpm/undici-types@7.19.2/node_modules/undici-types/websocket.d.ts' with packageId 'undici-types/patch.d.ts@7.19.2'
  Imported via './patch' from file '../../node_modules/.pnpm/undici-types@7.19.2/node_modules/undici-types/eventsource.d.ts' with packageId 'undici-types/patch.d.ts@7.19.2'
  File is CommonJS module because '../../node_modules/.pnpm/undici-types@7.19.2/node_modules/undici-types/package.json' does not have field "type"
../../node_modules/.pnpm/undici-types@7.19.2/node_modules/undici-types/websocket.d.ts
  Imported via './websocket' from file '../../node_modules/.pnpm/undici-types@7.19.2/node_modules/undici-types/eventsource.d.ts' with packageId 'undici-types/websocket.d.ts@7.19.2'
  Imported via './websocket' from file '../../node_modules/.pnpm/undici-types@7.19.2/node_modules/undici-types/index.d.ts' with packageId 'undici-types/websocket.d.ts@7.19.2'
  File is CommonJS module because '../../node_modules/.pnpm/undici-types@7.19.2/node_modules/undici-types/package.json' does not have field "type"
../../node_modules/.pnpm/undici-types@7.19.2/node_modules/undici-types/eventsource.d.ts
  Imported via './eventsource' from file '../../node_modules/.pnpm/undici-types@7.19.2/node_modules/undici-types/index.d.ts' with packageId 'undici-types/eventsource.d.ts@7.19.2'
  File is CommonJS module because '../../node_modules/.pnpm/undici-types@7.19.2/node_modules/undici-types/package.json' does not have field "type"
../../node_modules/.pnpm/undici-types@7.19.2/node_modules/undici-types/diagnostics-channel.d.ts
  Imported via './diagnostics-channel' from file '../../node_modules/.pnpm/undici-types@7.19.2/node_modules/undici-types/index.d.ts' with packageId 'undici-types/diagnostics-channel.d.ts@7.19.2'
  File is CommonJS module because '../../node_modules/.pnpm/undici-types@7.19.2/node_modules/undici-types/package.json' does not have field "type"
../../node_modules/.pnpm/undici-types@7.19.2/node_modules/undici-types/content-type.d.ts
  Imported via './content-type' from file '../../node_modules/.pnpm/undici-types@7.19.2/node_modules/undici-types/index.d.ts' with packageId 'undici-types/content-type.d.ts@7.19.2'
  File is CommonJS module because '../../node_modules/.pnpm/undici-types@7.19.2/node_modules/undici-types/package.json' does not have field "type"
../../node_modules/.pnpm/undici-types@7.19.2/node_modules/undici-types/cache.d.ts
  Imported via './cache' from file '../../node_modules/.pnpm/undici-types@7.19.2/node_modules/undici-types/index.d.ts' with packageId 'undici-types/cache.d.ts@7.19.2'
  Imported via './cache' from file '../../node_modules/.pnpm/undici-types@7.19.2/node_modules/undici-types/index.d.ts' with packageId 'undici-types/cache.d.ts@7.19.2'
  File is CommonJS module because '../../node_modules/.pnpm/undici-types@7.19.2/node_modules/undici-types/package.json' does not have field "type"
../../node_modules/.pnpm/undici-types@7.19.2/node_modules/undici-types/index.d.ts
  Imported via "undici-types" from file '../../node_modules/.pnpm/@types+node@25.6.0/node_modules/@types/node/web-globals/fetch.d.ts' with packageId 'undici-types/index.d.ts@7.19.2'
  Imported via "undici-types" from file '../../node_modules/.pnpm/@types+node@25.6.0/node_modules/@types/node/http.d.ts' with packageId 'undici-types/index.d.ts@7.19.2'
  Imported via "undici-types" from file '../../node_modules/.pnpm/@types+node@25.6.0/node_modules/@types/node/http.d.ts' with packageId 'undici-types/index.d.ts@7.19.2'
  Imported via "undici-types" from file '../../node_modules/.pnpm/@types+node@25.6.0/node_modules/@types/node/http.d.ts' with packageId 'undici-types/index.d.ts@7.19.2'
  Imported via "undici-types" from file '../../node_modules/.pnpm/@types+node@25.6.0/node_modules/@types/node/worker_threads.d.ts' with packageId 'undici-types/index.d.ts@7.19.2'
  File is CommonJS module because '../../node_modules/.pnpm/undici-types@7.19.2/node_modules/undici-types/package.json' does not have field "type"
../../node_modules/.pnpm/@types+node@25.6.0/node_modules/@types/node/web-globals/fetch.d.ts
  Referenced via 'web-globals/fetch.d.ts' from file '../../node_modules/.pnpm/@types+node@25.6.0/node_modules/@types/node/index.d.ts'
  File is CommonJS module because '../../node_modules/.pnpm/@types+node@25.6.0/node_modules/@types/node/package.json' does not have field "type"
../../node_modules/.pnpm/@types+node@25.6.0/node_modules/@types/node/web-globals/importmeta.d.ts
  Referenced via 'web-globals/importmeta.d.ts' from file '../../node_modules/.pnpm/@types+node@25.6.0/node_modules/@types/node/index.d.ts'
  File is CommonJS module because '../../node_modules/.pnpm/@types+node@25.6.0/node_modules/@types/node/package.json' does not have field "type"
../../node_modules/.pnpm/@types+node@25.6.0/node_modules/@types/node/web-globals/messaging.d.ts
  Referenced via 'web-globals/messaging.d.ts' from file '../../node_modules/.pnpm/@types+node@25.6.0/node_modules/@types/node/index.d.ts'
  File is CommonJS module because '../../node_modules/.pnpm/@types+node@25.6.0/node_modules/@types/node/package.json' does not have field "type"
../../node_modules/.pnpm/@types+node@25.6.0/node_modules/@types/node/web-globals/navigator.d.ts
  Referenced via 'web-globals/navigator.d.ts' from file '../../node_modules/.pnpm/@types+node@25.6.0/node_modules/@types/node/index.d.ts'
  File is CommonJS module because '../../node_modules/.pnpm/@types+node@25.6.0/node_modules/@types/node/package.json' does not have field "type"
../../node_modules/.pnpm/@types+node@25.6.0/node_modules/@types/node/web-globals/performance.d.ts
  Referenced via 'web-globals/performance.d.ts' from file '../../node_modules/.pnpm/@types+node@25.6.0/node_modules/@types/node/index.d.ts'
  File is CommonJS module because '../../node_modules/.pnpm/@types+node@25.6.0/node_modules/@types/node/package.json' does not have field "type"
../../node_modules/.pnpm/@types+node@25.6.0/node_modules/@types/node/web-globals/storage.d.ts
  Referenced via 'web-globals/storage.d.ts' from file '../../node_modules/.pnpm/@types+node@25.6.0/node_modules/@types/node/index.d.ts'
  File is CommonJS module because '../../node_modules/.pnpm/@types+node@25.6.0/node_modules/@types/node/package.json' does not have field "type"
../../node_modules/.pnpm/@types+node@25.6.0/node_modules/@types/node/web-globals/streams.d.ts
  Referenced via 'web-globals/streams.d.ts' from file '../../node_modules/.pnpm/@types+node@25.6.0/node_modules/@types/node/index.d.ts'
  File is CommonJS module because '../../node_modules/.pnpm/@types+node@25.6.0/node_modules/@types/node/package.json' does not have field "type"
../../node_modules/.pnpm/@types+node@25.6.0/node_modules/@types/node/web-globals/timers.d.ts
  Referenced via 'web-globals/timers.d.ts' from file '../../node_modules/.pnpm/@types+node@25.6.0/node_modules/@types/node/index.d.ts'
  File is CommonJS module because '../../node_modules/.pnpm/@types+node@25.6.0/node_modules/@types/node/package.json' does not have field "type"
../../node_modules/.pnpm/@types+node@25.6.0/node_modules/@types/node/web-globals/url.d.ts
  Referenced via 'web-globals/url.d.ts' from file '../../node_modules/.pnpm/@types+node@25.6.0/node_modules/@types/node/index.d.ts'
  File is CommonJS module because '../../node_modules/.pnpm/@types+node@25.6.0/node_modules/@types/node/package.json' does not have field "type"
../../node_modules/.pnpm/@types+node@25.6.0/node_modules/@types/node/assert.d.ts
  Referenced via 'assert.d.ts' from file '../../node_modules/.pnpm/@types+node@25.6.0/node_modules/@types/node/index.d.ts'
../../node_modules/.pnpm/@types+node@25.6.0/node_modules/@types/node/assert/strict.d.ts
  Referenced via 'assert/strict.d.ts' from file '../../node_modules/.pnpm/@types+node@25.6.0/node_modules/@types/node/index.d.ts'
../../node_modules/.pnpm/@types+node@25.6.0/node_modules/@types/node/async_hooks.d.ts
  Referenced via 'async_hooks.d.ts' from file '../../node_modules/.pnpm/@types+node@25.6.0/node_modules/@types/node/index.d.ts'
../../node_modules/.pnpm/@types+node@25.6.0/node_modules/@types/node/buffer.d.ts
  Referenced via 'buffer.d.ts' from file '../../node_modules/.pnpm/@types+node@25.6.0/node_modules/@types/node/index.d.ts'
../../node_modules/.pnpm/@types+node@25.6.0/node_modules/@types/node/child_process.d.ts
  Referenced via 'child_process.d.ts' from file '../../node_modules/.pnpm/@types+node@25.6.0/node_modules/@types/node/index.d.ts'
../../node_modules/.pnpm/@types+node@25.6.0/node_modules/@types/node/cluster.d.ts
  Referenced via 'cluster.d.ts' from file '../../node_modules/.pnpm/@types+node@25.6.0/node_modules/@types/node/index.d.ts'
../../node_modules/.pnpm/@types+node@25.6.0/node_modules/@types/node/console.d.ts
  Referenced via 'console.d.ts' from file '../../node_modules/.pnpm/@types+node@25.6.0/node_modules/@types/node/index.d.ts'
../../node_modules/.pnpm/@types+node@25.6.0/node_modules/@types/node/constants.d.ts
  Referenced via 'constants.d.ts' from file '../../node_modules/.pnpm/@types+node@25.6.0/node_modules/@types/node/index.d.ts'
../../node_modules/.pnpm/@types+node@25.6.0/node_modules/@types/node/crypto.d.ts
  Referenced via 'crypto.d.ts' from file '../../node_modules/.pnpm/@types+node@25.6.0/node_modules/@types/node/index.d.ts'
../../node_modules/.pnpm/@types+node@25.6.0/node_modules/@types/node/dgram.d.ts
  Referenced via 'dgram.d.ts' from file '../../node_modules/.pnpm/@types+node@25.6.0/node_modules/@types/node/index.d.ts'
../../node_modules/.pnpm/@types+node@25.6.0/node_modules/@types/node/diagnostics_channel.d.ts
  Referenced via 'diagnostics_channel.d.ts' from file '../../node_modules/.pnpm/@types+node@25.6.0/node_modules/@types/node/index.d.ts'
../../node_modules/.pnpm/@types+node@25.6.0/node_modules/@types/node/dns.d.ts
  Referenced via 'dns.d.ts' from file '../../node_modules/.pnpm/@types+node@25.6.0/node_modules/@types/node/index.d.ts'
../../node_modules/.pnpm/@types+node@25.6.0/node_modules/@types/node/dns/promises.d.ts
  Referenced via 'dns/promises.d.ts' from file '../../node_modules/.pnpm/@types+node@25.6.0/node_modules/@types/node/index.d.ts'
../../node_modules/.pnpm/@types+node@25.6.0/node_modules/@types/node/domain.d.ts
  Referenced via 'domain.d.ts' from file '../../node_modules/.pnpm/@types+node@25.6.0/node_modules/@types/node/index.d.ts'
../../node_modules/.pnpm/@types+node@25.6.0/node_modules/@types/node/events.d.ts
  Referenced via 'events.d.ts' from file '../../node_modules/.pnpm/@types+node@25.6.0/node_modules/@types/node/index.d.ts'
../../node_modules/.pnpm/@types+node@25.6.0/node_modules/@types/node/fs.d.ts
  Referenced via 'fs.d.ts' from file '../../node_modules/.pnpm/@types+node@25.6.0/node_modules/@types/node/index.d.ts'
../../node_modules/.pnpm/@types+node@25.6.0/node_modules/@types/node/fs/promises.d.ts
  Referenced via 'fs/promises.d.ts' from file '../../node_modules/.pnpm/@types+node@25.6.0/node_modules/@types/node/index.d.ts'
../../node_modules/.pnpm/@types+node@25.6.0/node_modules/@types/node/http.d.ts
  Referenced via 'http.d.ts' from file '../../node_modules/.pnpm/@types+node@25.6.0/node_modules/@types/node/index.d.ts'
../../node_modules/.pnpm/@types+node@25.6.0/node_modules/@types/node/http2.d.ts
  Referenced via 'http2.d.ts' from file '../../node_modules/.pnpm/@types+node@25.6.0/node_modules/@types/node/index.d.ts'
../../node_modules/.pnpm/@types+node@25.6.0/node_modules/@types/node/https.d.ts
  Referenced via 'https.d.ts' from file '../../node_modules/.pnpm/@types+node@25.6.0/node_modules/@types/node/index.d.ts'
../../node_modules/.pnpm/@types+node@25.6.0/node_modules/@types/node/inspector.d.ts
  Referenced via 'inspector.d.ts' from file '../../node_modules/.pnpm/@types+node@25.6.0/node_modules/@types/node/index.d.ts'
../../node_modules/.pnpm/@types+node@25.6.0/node_modules/@types/node/inspector.generated.d.ts
  Referenced via 'inspector.generated.d.ts' from file '../../node_modules/.pnpm/@types+node@25.6.0/node_modules/@types/node/index.d.ts'
../../node_modules/.pnpm/@types+node@25.6.0/node_modules/@types/node/inspector/promises.d.ts
  Referenced via 'inspector/promises.d.ts' from file '../../node_modules/.pnpm/@types+node@25.6.0/node_modules/@types/node/index.d.ts'
../../node_modules/.pnpm/@types+node@25.6.0/node_modules/@types/node/module.d.ts
  Referenced via 'module.d.ts' from file '../../node_modules/.pnpm/@types+node@25.6.0/node_modules/@types/node/index.d.ts'
../../node_modules/.pnpm/@types+node@25.6.0/node_modules/@types/node/net.d.ts
  Referenced via 'net.d.ts' from file '../../node_modules/.pnpm/@types+node@25.6.0/node_modules/@types/node/index.d.ts'
../../node_modules/.pnpm/buffer@6.0.3/node_modules/buffer/index.d.ts
  Imported via "buffer" from file '../../node_modules/.pnpm/@types+node@25.6.0/node_modules/@types/node/os.d.ts' with packageId 'buffer/index.d.ts@6.0.3'
  Imported via "buffer" from file '../../node_modules/.pnpm/@types+node@25.6.0/node_modules/@types/node/process.d.ts' with packageId 'buffer/index.d.ts@6.0.3'
  File is CommonJS module because '../../node_modules/.pnpm/buffer@6.0.3/node_modules/buffer/package.json' does not have field "type"
../../node_modules/.pnpm/@types+node@25.6.0/node_modules/@types/node/os.d.ts
  Referenced via 'os.d.ts' from file '../../node_modules/.pnpm/@types+node@25.6.0/node_modules/@types/node/index.d.ts'
../../node_modules/.pnpm/@types+node@25.6.0/node_modules/@types/node/path.d.ts
  Referenced via 'path.d.ts' from file '../../node_modules/.pnpm/@types+node@25.6.0/node_modules/@types/node/index.d.ts'
../../node_modules/.pnpm/@types+node@25.6.0/node_modules/@types/node/path/posix.d.ts
  Referenced via 'path/posix.d.ts' from file '../../node_modules/.pnpm/@types+node@25.6.0/node_modules/@types/node/index.d.ts'
../../node_modules/.pnpm/@types+node@25.6.0/node_modules/@types/node/path/win32.d.ts
  Referenced via 'path/win32.d.ts' from file '../../node_modules/.pnpm/@types+node@25.6.0/node_modules/@types/node/index.d.ts'
../../node_modules/.pnpm/@types+node@25.6.0/node_modules/@types/node/perf_hooks.d.ts
  Referenced via 'perf_hooks.d.ts' from file '../../node_modules/.pnpm/@types+node@25.6.0/node_modules/@types/node/index.d.ts'
../../node_modules/.pnpm/@types+node@25.6.0/node_modules/@types/node/process.d.ts
  Referenced via 'process.d.ts' from file '../../node_modules/.pnpm/@types+node@25.6.0/node_modules/@types/node/index.d.ts'
../../node_modules/.pnpm/@types+node@25.6.0/node_modules/@types/node/punycode.d.ts
  Referenced via 'punycode.d.ts' from file '../../node_modules/.pnpm/@types+node@25.6.0/node_modules/@types/node/index.d.ts'
../../node_modules/.pnpm/@types+node@25.6.0/node_modules/@types/node/querystring.d.ts
  Referenced via 'querystring.d.ts' from file '../../node_modules/.pnpm/@types+node@25.6.0/node_modules/@types/node/index.d.ts'
../../node_modules/.pnpm/@types+node@25.6.0/node_modules/@types/node/quic.d.ts
  Referenced via 'quic.d.ts' from file '../../node_modules/.pnpm/@types+node@25.6.0/node_modules/@types/node/index.d.ts'
../../node_modules/.pnpm/@types+node@25.6.0/node_modules/@types/node/readline.d.ts
  Referenced via 'readline.d.ts' from file '../../node_modules/.pnpm/@types+node@25.6.0/node_modules/@types/node/index.d.ts'
../../node_modules/.pnpm/@types+node@25.6.0/node_modules/@types/node/readline/promises.d.ts
  Referenced via 'readline/promises.d.ts' from file '../../node_modules/.pnpm/@types+node@25.6.0/node_modules/@types/node/index.d.ts'
../../node_modules/.pnpm/@types+node@25.6.0/node_modules/@types/node/repl.d.ts
  Referenced via 'repl.d.ts' from file '../../node_modules/.pnpm/@types+node@25.6.0/node_modules/@types/node/index.d.ts'
../../node_modules/.pnpm/@types+node@25.6.0/node_modules/@types/node/sea.d.ts
  Referenced via 'sea.d.ts' from file '../../node_modules/.pnpm/@types+node@25.6.0/node_modules/@types/node/index.d.ts'
../../node_modules/.pnpm/@types+node@25.6.0/node_modules/@types/node/sqlite.d.ts
  Referenced via 'sqlite.d.ts' from file '../../node_modules/.pnpm/@types+node@25.6.0/node_modules/@types/node/index.d.ts'
../../node_modules/.pnpm/@types+node@25.6.0/node_modules/@types/node/stream.d.ts
  Referenced via 'stream.d.ts' from file '../../node_modules/.pnpm/@types+node@25.6.0/node_modules/@types/node/index.d.ts'
../../node_modules/.pnpm/@types+node@25.6.0/node_modules/@types/node/stream/consumers.d.ts
  Referenced via 'stream/consumers.d.ts' from file '../../node_modules/.pnpm/@types+node@25.6.0/node_modules/@types/node/index.d.ts'
../../node_modules/.pnpm/@types+node@25.6.0/node_modules/@types/node/stream/promises.d.ts
  Referenced via 'stream/promises.d.ts' from file '../../node_modules/.pnpm/@types+node@25.6.0/node_modules/@types/node/index.d.ts'
../../node_modules/.pnpm/@types+node@25.6.0/node_modules/@types/node/stream/web.d.ts
  Referenced via 'stream/web.d.ts' from file '../../node_modules/.pnpm/@types+node@25.6.0/node_modules/@types/node/index.d.ts'
../../node_modules/.pnpm/@types+node@25.6.0/node_modules/@types/node/string_decoder.d.ts
  Referenced via 'string_decoder.d.ts' from file '../../node_modules/.pnpm/@types+node@25.6.0/node_modules/@types/node/index.d.ts'
../../node_modules/.pnpm/@types+node@25.6.0/node_modules/@types/node/test.d.ts
  Referenced via 'test.d.ts' from file '../../node_modules/.pnpm/@types+node@25.6.0/node_modules/@types/node/index.d.ts'
../../node_modules/.pnpm/@types+node@25.6.0/node_modules/@types/node/test/reporters.d.ts
  Referenced via 'test/reporters.d.ts' from file '../../node_modules/.pnpm/@types+node@25.6.0/node_modules/@types/node/index.d.ts'
../../node_modules/.pnpm/@types+node@25.6.0/node_modules/@types/node/timers.d.ts
  Referenced via 'timers.d.ts' from file '../../node_modules/.pnpm/@types+node@25.6.0/node_modules/@types/node/index.d.ts'
../../node_modules/.pnpm/@types+node@25.6.0/node_modules/@types/node/timers/promises.d.ts
  Referenced via 'timers/promises.d.ts' from file '../../node_modules/.pnpm/@types+node@25.6.0/node_modules/@types/node/index.d.ts'
../../node_modules/.pnpm/@types+node@25.6.0/node_modules/@types/node/tls.d.ts
  Referenced via 'tls.d.ts' from file '../../node_modules/.pnpm/@types+node@25.6.0/node_modules/@types/node/index.d.ts'
../../node_modules/.pnpm/@types+node@25.6.0/node_modules/@types/node/trace_events.d.ts
  Referenced via 'trace_events.d.ts' from file '../../node_modules/.pnpm/@types+node@25.6.0/node_modules/@types/node/index.d.ts'
../../node_modules/.pnpm/@types+node@25.6.0/node_modules/@types/node/tty.d.ts
  Referenced via 'tty.d.ts' from file '../../node_modules/.pnpm/@types+node@25.6.0/node_modules/@types/node/index.d.ts'
../../node_modules/.pnpm/@types+node@25.6.0/node_modules/@types/node/url.d.ts
  Referenced via 'url.d.ts' from file '../../node_modules/.pnpm/@types+node@25.6.0/node_modules/@types/node/index.d.ts'
../../node_modules/.pnpm/@types+node@25.6.0/node_modules/@types/node/util.d.ts
  Referenced via 'util.d.ts' from file '../../node_modules/.pnpm/@types+node@25.6.0/node_modules/@types/node/index.d.ts'
../../node_modules/.pnpm/@types+node@25.6.0/node_modules/@types/node/util/types.d.ts
  Referenced via 'util/types.d.ts' from file '../../node_modules/.pnpm/@types+node@25.6.0/node_modules/@types/node/index.d.ts'
../../node_modules/.pnpm/@types+node@25.6.0/node_modules/@types/node/v8.d.ts
  Referenced via 'v8.d.ts' from file '../../node_modules/.pnpm/@types+node@25.6.0/node_modules/@types/node/index.d.ts'
../../node_modules/.pnpm/@types+node@25.6.0/node_modules/@types/node/vm.d.ts
  Referenced via 'vm.d.ts' from file '../../node_modules/.pnpm/@types+node@25.6.0/node_modules/@types/node/index.d.ts'
../../node_modules/.pnpm/@types+node@25.6.0/node_modules/@types/node/wasi.d.ts
  Referenced via 'wasi.d.ts' from file '../../node_modules/.pnpm/@types+node@25.6.0/node_modules/@types/node/index.d.ts'
../../node_modules/.pnpm/@types+node@25.6.0/node_modules/@types/node/worker_threads.d.ts
  Referenced via 'worker_threads.d.ts' from file '../../node_modules/.pnpm/@types+node@25.6.0/node_modules/@types/node/index.d.ts'
../../node_modules/.pnpm/@types+node@25.6.0/node_modules/@types/node/zlib.d.ts
  Referenced via 'zlib.d.ts' from file '../../node_modules/.pnpm/@types+node@25.6.0/node_modules/@types/node/index.d.ts'
../../node_modules/.pnpm/@types+node@25.6.0/node_modules/@types/node/index.d.ts
  Entry point of type library 'node' specified in compilerOptions with packageId '@types/node/index.d.ts@25.6.0'
  Type library referenced via 'node' from file '../../node_modules/.pnpm/undici-types@7.19.2/node_modules/undici-types/formdata.d.ts' with packageId '@types/node/index.d.ts@25.6.0'
  Type library referenced via 'node' from file '../../node_modules/.pnpm/undici-types@7.19.2/node_modules/undici-types/fetch.d.ts' with packageId '@types/node/index.d.ts@25.6.0'
  Type library referenced via 'node' from file '../../node_modules/.pnpm/undici-types@7.19.2/node_modules/undici-types/cookies.d.ts' with packageId '@types/node/index.d.ts@25.6.0'
  Type library referenced via 'node' from file '../../node_modules/.pnpm/undici-types@7.19.2/node_modules/undici-types/websocket.d.ts' with packageId '@types/node/index.d.ts@25.6.0'
  Type library referenced via 'node' from file '../../node_modules/.pnpm/undici-types@7.19.2/node_modules/undici-types/patch.d.ts' with packageId '@types/node/index.d.ts@25.6.0'
  Type library referenced via 'node' from file '../../node_modules/.pnpm/undici-types@7.19.2/node_modules/undici-types/content-type.d.ts' with packageId '@types/node/index.d.ts@25.6.0'
